Cyclismo/proguard/seeds.txt
org.cowboycoders.cyclisimo.AbstractMyTracksActivity
org.cowboycoders.cyclisimo.AbstractMyTracksActivity: AbstractMyTracksActivity()
org.cowboycoders.cyclisimo.AggregatedStatsActivity
org.cowboycoders.cyclisimo.AggregatedStatsActivity: AggregatedStatsActivity()
org.cowboycoders.cyclisimo.AutoCompleteTextPreference
org.cowboycoders.cyclisimo.AutoCompleteTextPreference: AutoCompleteTextPreference(android.content.Context,android.util.AttributeSet)
org.cowboycoders.cyclisimo.BootReceiver
org.cowboycoders.cyclisimo.BootReceiver: BootReceiver()
org.cowboycoders.cyclisimo.ChartView
org.cowboycoders.cyclisimo.ChartView: ChartView(android.content.Context)
org.cowboycoders.cyclisimo.ChartView: void setChartValueSeriesEnabled(int,boolean)
org.cowboycoders.cyclisimo.ChartView: void setOverlayChartValueSeriesEnabled(int,boolean)
org.cowboycoders.cyclisimo.ChartView: void setChartByDistance(boolean)
org.cowboycoders.cyclisimo.ChartView: void setMetricUnits(boolean)
org.cowboycoders.cyclisimo.ChartView: void setReportSpeed(boolean)
org.cowboycoders.cyclisimo.ChartView: void setShowPointer(boolean)
org.cowboycoders.cyclisimo.CourseListActivity
org.cowboycoders.cyclisimo.CourseListActivity: CourseListActivity()
org.cowboycoders.cyclisimo.CourseSetupActivity
org.cowboycoders.cyclisimo.CourseSetupActivity: CourseSetupActivity()
org.cowboycoders.cyclisimo.CourseSetupActivity: CourseSetupActivity(java.lang.String)
org.cowboycoders.cyclisimo.HelpActivity
org.cowboycoders.cyclisimo.HelpActivity: HelpActivity()
org.cowboycoders.cyclisimo.ImportActivity
org.cowboycoders.cyclisimo.ImportActivity: ImportActivity()
org.cowboycoders.cyclisimo.IntegerListPreference
org.cowboycoders.cyclisimo.IntegerListPreference: IntegerListPreference(android.content.Context)
org.cowboycoders.cyclisimo.IntegerListPreference: IntegerListPreference(android.content.Context,android.util.AttributeSet)
org.cowboycoders.cyclisimo.MarkerDetailActivity
org.cowboycoders.cyclisimo.MarkerDetailActivity: MarkerDetailActivity()
org.cowboycoders.cyclisimo.MarkerEditActivity
org.cowboycoders.cyclisimo.MarkerEditActivity: MarkerEditActivity()
org.cowboycoders.cyclisimo.MarkerListActivity
org.cowboycoders.cyclisimo.MarkerListActivity: MarkerListActivity()
org.cowboycoders.cyclisimo.MyTracksApplication
org.cowboycoders.cyclisimo.MyTracksApplication: MyTracksApplication()
org.cowboycoders.cyclisimo.R$array: int activity_types
org.cowboycoders.cyclisimo.R$array: int auto_resume_track_timeout_values
org.cowboycoders.cyclisimo.R$array: int course_mode_select_options
org.cowboycoders.cyclisimo.R$array: int course_mode_select_values
org.cowboycoders.cyclisimo.R$array: int file_types
org.cowboycoders.cyclisimo.R$array: int frequency_values
org.cowboycoders.cyclisimo.R$array: int max_recording_distance_values
org.cowboycoders.cyclisimo.R$array: int min_recording_distance_values
org.cowboycoders.cyclisimo.R$array: int min_recording_interval_values
org.cowboycoders.cyclisimo.R$array: int min_required_accuracy_values
org.cowboycoders.cyclisimo.R$array: int sensor_type_all_options
org.cowboycoders.cyclisimo.R$array: int sensor_type_all_values
org.cowboycoders.cyclisimo.R$array: int sensor_type_bluetooth_options
org.cowboycoders.cyclisimo.R$array: int sensor_type_bluetooth_values
org.cowboycoders.cyclisimo.R$array: int track_color_mode_options
org.cowboycoders.cyclisimo.R$array: int track_color_mode_values
org.cowboycoders.cyclisimo.R$array: int track_name_options
org.cowboycoders.cyclisimo.R$array: int track_name_values
org.cowboycoders.cyclisimo.R$array: int waypoint_types
...
com.google.common.primitives.Doubles$LexicographicalComparator: com.google.common.primitives.Doubles$LexicographicalComparator[] values()
com.google.common.primitives.Doubles$LexicographicalComparator: com.google.common.primitives.Doubles$LexicographicalComparator valueOf(java.lang.String)
com.google.common.primitives.Floats$FloatArrayAsList: long serialVersionUID
com.google.common.primitives.Floats$LexicographicalComparator: com.google.common.primitives.Floats$LexicographicalComparator[] values()
com.google.common.primitives.Floats$LexicographicalComparator: com.google.common.primitives.Floats$LexicographicalComparator valueOf(java.lang.String)
com.google.common.primitives.Ints$IntArrayAsList: long serialVersionUID
com.google.common.primitives.Ints$LexicographicalComparator: com.google.common.primitives.Ints$LexicographicalComparator[] values()
com.google.common.primitives.Ints$LexicographicalComparator: com.google.common.primitives.Ints$LexicographicalComparator valueOf(java.lang.String)
com.google.common.primitives.Longs$LexicographicalComparator: com.google.common.primitives.Longs$LexicographicalComparator[] values()
com.google.common.primitives.Longs$LexicographicalComparator: com.google.common.primitives.Longs$LexicographicalComparator valueOf(java.lang.String)
com.google.common.primitives.Longs$LongArrayAsList: long serialVersionUID
com.google.common.primitives.Shorts$LexicographicalComparator: com.google.common.primitives.Shorts$LexicographicalComparator[] values()
com.google.common.primitives.Shorts$LexicographicalComparator: com.google.common.primitives.Shorts$LexicographicalComparator valueOf(java.lang.String)
com.google.common.primitives.Shorts$ShortArrayAsList: long serialVersionUID
com.google.common.primitives.SignedBytes$LexicographicalComparator: com.google.common.primitives.SignedBytes$LexicographicalComparator[] values()
com.google.common.primitives.SignedBytes$LexicographicalComparator: com.google.common.primitives.SignedBytes$LexicographicalComparator valueOf(java.lang.String)
com.google.common.primitives.UnsignedBytes$LexicographicalComparatorHolder$PureJavaComparator: com.google.common.primitives.UnsignedBytes$LexicographicalComparatorHolder$PureJavaComparator[] values()
com.google.common.primitives.UnsignedBytes$LexicographicalComparatorHolder$PureJavaComparator: com.google.common.primitives.UnsignedBytes$LexicographicalComparatorHolder$PureJavaComparator valueOf(java.lang.String)
com.google.common.primitives.UnsignedBytes$LexicographicalComparatorHolder$UnsafeComparator: com.google.common.primitives.UnsignedBytes$LexicographicalComparatorHolder$UnsafeComparator[] values()
com.google.common.primitives.UnsignedBytes$LexicographicalComparatorHolder$UnsafeComparator: com.google.common.primitives.UnsignedBytes$LexicographicalComparatorHolder$UnsafeComparator valueOf(java.lang.String)
com.google.common.util.concurrent.AbstractFuture$Sync: long serialVersionUID
com.google.common.util.concurrent.Service$State: com.google.common.util.concurrent.Service$State[] values()
com.google.common.util.concurrent.Service$State: com.google.common.util.concurrent.Service$State valueOf(java.lang.String)
com.google.common.util.concurrent.UncheckedTimeoutException: long serialVersionUID
com.google.gson.CircularReferenceException: long serialVersionUID
com.google.gson.FieldNamingPolicy: com.google.gson.FieldNamingPolicy[] values()
com.google.gson.FieldNamingPolicy: com.google.gson.FieldNamingPolicy valueOf(java.lang.String)
com.google.gson.JsonIOException: long serialVersionUID
com.google.gson.JsonSyntaxException: long serialVersionUID
com.google.gson.LongSerializationPolicy: com.google.gson.LongSerializationPolicy[] values()
com.google.gson.LongSerializationPolicy: com.google.gson.LongSerializationPolicy valueOf(java.lang.String)
com.google.gson.LruCache: long serialVersionUID