Cyclismo/proguard/mapping.txt
org.cowboycoders.cyclisimo.AbstractMyTracksActivity -> org.cowboycoders.cyclisimo.AbstractMyTracksActivity:
    java.lang.String TAG -> m
    39:51:void onCreate(android.os.Bundle) -> onCreate
    int getLayoutResId() -> f
    62:62:boolean hideTitle() -> g
    69:71:void onHomeSelected() -> h
    75:79:boolean onOptionsItemSelected(android.view.MenuItem) -> onOptionsItemSelected
org.cowboycoders.cyclisimo.AggregatedStatsActivity -> org.cowboycoders.cyclisimo.AggregatedStatsActivity:
    39:42:void onCreate(android.os.Bundle) -> onCreate
    46:46:int getLayoutResId() -> f
org.cowboycoders.cyclisimo.AutoCompleteTextPreference -> org.cowboycoders.cyclisimo.AutoCompleteTextPreference:
    android.widget.AutoCompleteTextView mEditText -> a
    45:55:void onBindDialogView(android.view.View) -> onBindDialogView
    59:65:void onDialogClosed(boolean) -> onDialogClosed
org.cowboycoders.cyclisimo.BootReceiver -> org.cowboycoders.cyclisimo.BootReceiver:
    50:61:void onReceive(android.content.Context,android.content.Intent) -> onReceive
org.cowboycoders.cyclisimo.ChartValueSeries -> org.cowboycoders.cyclisimo.a:
    int absoluteMin -> a
    int absoluteMax -> b
    int[] intervalValues -> c
    int metricTitleId -> o
    int imperialTitleId -> p
    android.graphics.Paint fillPaint -> d
    android.graphics.Paint strokePaint -> e
    android.graphics.Paint titlePaint -> f
    android.graphics.Paint markerPaint -> g
    org.cowboycoders.cyclisimo.stats.ExtremityMonitor extremityMonitor -> h
    java.text.NumberFormat numberFormat -> i
    android.graphics.Path path -> j
    int interval -> k
    int minMarkerValue -> l
    int maxMarkerValue -> m
    boolean enabled -> n
    136:137:void update(double) -> a
    196:201:int getMinMarkerValue(double,int) -> a
    230:230:int getTitleId(boolean) -> a
org.cowboycoders.cyclisimo.ChartView -> org.cowboycoders.cyclisimo.ChartView:
    java.lang.String TAG -> a
    java.text.NumberFormat X_NUMBER_FORMAT -> b
    java.text.NumberFormat X_FRACTION_FORMAT -> c
    org.cowboycoders.cyclisimo.ChartValueSeries[] series -> d
    org.cowboycoders.cyclisimo.ChartValueSeries[] seriesOverlay -> e
    java.util.ArrayList chartData -> f
    java.util.ArrayList chartDataOverlay -> g
    java.util.ArrayList waypoints -> h
    org.cowboycoders.cyclisimo.stats.ExtremityMonitor xExtremityMonitor -> i
    org.cowboycoders.cyclisimo.stats.ExtremityMonitor xExtremityMonitorOverlay -> j
    double maxX -> k
    android.graphics.Paint axisPaint -> l
    android.graphics.Paint xAxisMarkerPaint -> m
    android.graphics.Paint gridPaint -> n
    android.graphics.Paint markerPaint -> o
    android.graphics.drawable.Drawable pointer -> p
    android.graphics.drawable.Drawable statisticsMarker -> q
    android.graphics.drawable.Drawable waypointMarker -> r
    int markerWidth -> s
    int markerHeight -> t
    android.widget.Scroller scroller -> u
    android.view.VelocityTracker velocityTracker -> v
    float lastMotionEventX -> w
    int zoomLevel -> x
    int leftBorder -> y
    int topBorder -> z
    int bottomBorder -> A
    int rightBorder -> B
    int spacer -> C
    int yAxisOffset -> D
    int width -> E
    int height -> F
    int effectiveWidth -> G
    int effectiveHeight -> H
    boolean chartByDistance -> I
    boolean metricUnits -> J
org.cowboycoders.cyclisimo.ContextualActionModeCallback -> org.cowboycoders.cyclisimo.b:
    boolean onClick(int,int,long) -> a
...
com.google.android.gms.maps.internal.ICameraUpdateFactoryDelegate$a$a -> com.google.android.gms.maps.a.c:
    android.os.IBinder a -> a
    android.os.IBinder asBinder() -> asBinder
    com.google.android.gms.internal.f zoomIn() -> a
    com.google.android.gms.internal.f zoomOut() -> b
    com.google.android.gms.internal.f scrollBy(float,float) -> a
    com.google.android.gms.internal.f zoomTo(float) -> a
    com.google.android.gms.internal.f zoomBy(float) -> b
    com.google.android.gms.internal.f zoomByWithFocus(float,int,int) -> a
    com.google.android.gms.internal.f newCameraPosition(com.google.android.gms.maps.model.CameraPosition) -> a
    com.google.android.gms.internal.f newLatLng(com.google.android.gms.maps.model.LatLng) -> a
    com.google.android.gms.internal.f newLatLngZoom(com.google.android.gms.maps.model.LatLng,float) -> a
    com.google.android.gms.internal.f newLatLngBounds(com.google.android.gms.maps.model.LatLngBounds,int) -> a
    com.google.android.gms.internal.f newLatLngBoundsWithSize(com.google.android.gms.maps.model.LatLngBounds,int,int,int) -> a
com.google.android.gms.maps.internal.IGoogleMapDelegate -> com.google.android.gms.maps.a.d:
    com.google.android.gms.maps.model.CameraPosition getCameraPosition() -> a
    float getMaxZoomLevel() -> b
    float getMinZoomLevel() -> c
    void moveCamera(com.google.android.gms.internal.f) -> a
    void animateCamera(com.google.android.gms.internal.f) -> b
    void animateCameraWithCallback(com.google.android.gms.internal.f,com.google.android.gms.internal.al) -> a
    void animateCameraWithDurationAndCallback(com.google.android.gms.internal.f,int,com.google.android.gms.internal.al) -> a
    void stopAnimation() -> d
    com.google.android.gms.maps.model.internal.IPolylineDelegate addPolyline(com.google.android.gms.maps.model.PolylineOptions) -> a
    com.google.android.gms.internal.b addPolygon(com.google.android.gms.maps.model.PolygonOptions) -> a
    com.google.android.gms.internal.s addMarker(com.google.android.gms.maps.model.MarkerOptions) -> a
    com.google.android.gms.internal.ae addGroundOverlay(com.google.android.gms.maps.model.GroundOverlayOptions) -> a
    com.google.android.gms.internal.am addTileOverlay(com.google.android.gms.maps.model.TileOverlayOptions) -> a
    void clear() -> e
    int getMapType() -> f
    void setMapType(int) -> a
    boolean isTrafficEnabled() -> g
    void setTrafficEnabled(boolean) -> a
    boolean isIndoorEnabled() -> h
    boolean setIndoorEnabled(boolean) -> b
    boolean isMyLocationEnabled() -> i
com.google.android.gms.maps.internal.IGoogleMapDelegate$a -> com.google.android.gms.maps.a.e:
    com.google.android.gms.maps.internal.IGoogleMapDelegate s(android.os.IBinder) -> a
    boolean onTransact(int,android.os.Parcel,android.os.Parcel,int) -> onTransact