Cyclismo/proguard/usage.txt
org.cowboycoders.cyclisimo.BaseOverlay
org.cowboycoders.cyclisimo.BuildConfig
org.cowboycoders.cyclisimo.ChartValueSeries:
    private static final float STROKE_WIDTH
org.cowboycoders.cyclisimo.ChartView:
    public static final float MEDIUM_TEXT_SIZE
    public static final float SMALL_TEXT_SIZE
    public static final int Y_AXIS_INTERVALS
    public static final int NUM_SERIES
    public static final int ELEVATION_SERIES
    public static final int SPEED_SERIES
    public static final int PACE_SERIES
    public static final int HEART_RATE_SERIES
    public static final int CADENCE_SERIES
    public static final int POWER_SERIES
    private static final int TARGET_X_AXIS_INTERVALS
    private static final int MIN_ZOOM_LEVEL
    private static final int MAX_ZOOM_LEVEL
    private static final int BORDER
    private static final int SPACER
    private static final int Y_AXIS_OFFSET
    1100:1100:public boolean isMetricUnits()
org.cowboycoders.cyclisimo.ColoredPath
org.cowboycoders.cyclisimo.Constants
org.cowboycoders.cyclisimo.CourseListActivity:
    private static final int GOOGLE_PLAY_SERVICES_REQUEST_CODE
    private static final int REQUEST_CODE
org.cowboycoders.cyclisimo.CourseSetupActivity:
    private static final java.lang.String TAG
org.cowboycoders.cyclisimo.DummyOverlay:
    44:45:public void update()
org.cowboycoders.cyclisimo.ImportActivity:
    public static final java.lang.String EXTRA_IMPORT_ALL
    private static final int DIALOG_PROGRESS_ID
    private static final int DIALOG_RESULT_ID
org.cowboycoders.cyclisimo.Manifest
org.cowboycoders.cyclisimo.Manifest$permission
org.cowboycoders.cyclisimo.MapOverlay:
    public static final float WAYPOINT_X_ANCHOR
    private static final float WAYPOINT_Y_ANCHOR
    private static final float MARKER_X_ANCHOR
    private static final float MARKER_Y_ANCHOR
    private static final int INITIAL_LOCATIONS_SIZE
    99:99:public java.util.List getWaypoints()
    115:115:public android.content.Context getContext()
org.cowboycoders.cyclisimo.MarkerDetailActivity:
    public static final java.lang.String EXTRA_MARKER_ID
org.cowboycoders.cyclisimo.MarkerEditActivity:
    public static final java.lang.String EXTRA_TRACK_ID
    public static final java.lang.String EXTRA_MARKER_ID
org.cowboycoders.cyclisimo.MarkerListActivity:
    public static final java.lang.String EXTRA_TRACK_ID
org.cowboycoders.cyclisimo.R
org.cowboycoders.cyclisimo.R$array
org.cowboycoders.cyclisimo.R$attr
org.cowboycoders.cyclisimo.R$color
org.cowboycoders.cyclisimo.R$dimen
org.cowboycoders.cyclisimo.R$drawable
org.cowboycoders.cyclisimo.R$id
org.cowboycoders.cyclisimo.R$layout
org.cowboycoders.cyclisimo.R$menu
org.cowboycoders.cyclisimo.R$plurals
org.cowboycoders.cyclisimo.R$raw
org.cowboycoders.cyclisimo.R$string
org.cowboycoders.cyclisimo.R$style
org.cowboycoders.cyclisimo.R$styleable
org.cowboycoders.cyclisimo.R$xml
org.cowboycoders.cyclisimo.SearchListActivity:
    private static final java.lang.String IS_RECORDING_FIELD
    private static final java.lang.String IS_PAUSED_FIELD
    private static final java.lang.String ICON_ID_FIELD
    private static final java.lang.String ICON_CONTENT_DESCRIPTION_ID_FIELD
    private static final java.lang.String NAME_FIELD
    private static final java.lang.String CATEGORY_FIELD
    private static final java.lang.String TOTAL_TIME_FIELD
    private static final java.lang.String TOTAL_DISTANCE_FIELD
    private static final java.lang.String START_TIME_FIELD
    private static final java.lang.String DESCRIPTION_FIELD
    private static final java.lang.String TRACK_ID_FIELD
    private static final java.lang.String MARKER_ID_FIELD
org.cowboycoders.cyclisimo.SensorStateActivity:
    private static final long REFRESH_PERIOD_MS
...
com.google.common.collect.TreeMultiset
com.google.common.collect.TreeMultiset$SortedMapBasedElementSet
com.google.common.collect.UnmodifiableIterator
com.google.common.collect.UnmodifiableListIterator
com.google.common.collect.UsingToStringOrdering
com.google.common.collect.WellBehavedMap
com.google.common.collect.WellBehavedMap$KeyToEntryConverter
com.google.common.collect.WellBehavedMap$KeyToEntryConverter$1
com.google.common.collect.package-info
com.google.common.io.AppendableWriter
com.google.common.io.ByteArrayDataInput
com.google.common.io.ByteArrayDataOutput
com.google.common.io.ByteProcessor
com.google.common.io.ByteStreams
com.google.common.io.ByteStreams$1
com.google.common.io.ByteStreams$2
com.google.common.io.ByteStreams$3
com.google.common.io.ByteStreams$4
com.google.common.io.ByteStreams$5
com.google.common.io.ByteStreams$ByteArrayDataInputStream
com.google.common.io.ByteStreams$ByteArrayDataOutputStream
com.google.common.io.CharStreams
com.google.common.io.CharStreams$1
com.google.common.io.CharStreams$2
com.google.common.io.CharStreams$3
com.google.common.io.CharStreams$4
com.google.common.io.Closeables
com.google.common.io.CountingInputStream
com.google.common.io.CountingOutputStream
com.google.common.io.FileBackedOutputStream
com.google.common.io.FileBackedOutputStream$1
com.google.common.io.FileBackedOutputStream$2
com.google.common.io.FileBackedOutputStream$MemoryOutput
com.google.common.io.Files
com.google.common.io.Files$1
com.google.common.io.Files$2
com.google.common.io.Flushables
com.google.common.io.InputSupplier
com.google.common.io.LimitInputStream
com.google.common.io.LineBuffer
com.google.common.io.LineProcessor
com.google.common.io.LineReader
com.google.common.io.LineReader$1
com.google.common.io.LittleEndianDataInputStream
com.google.common.io.LittleEndianDataOutputStream
com.google.common.io.MultiInputStream
com.google.common.io.MultiReader
com.google.common.io.NullOutputStream
com.google.common.io.OutputSupplier
com.google.common.io.PatternFilenameFilter
com.google.common.io.Resources
com.google.common.io.Resources$1
com.google.common.io.package-info
com.google.common.net.HostSpecifier
com.google.common.net.InetAddresses
com.google.common.net.InetAddresses$TeredoInfo
com.google.common.net.InternetDomainName
com.google.common.net.TldPatterns
com.google.common.net.package-info
com.google.common.primitives.Booleans
com.google.common.primitives.Booleans$BooleanArrayAsList
com.google.common.primitives.Booleans$LexicographicalComparator
com.google.common.primitives.Bytes
com.google.common.primitives.Bytes$ByteArrayAsList
com.google.common.primitives.Chars
com.google.common.primitives.Chars$CharArrayAsList
com.google.common.primitives.Chars$LexicographicalComparator
com.google.common.primitives.Doubles
com.google.common.primitives.Doubles$DoubleArrayAsList
com.google.common.primitives.Doubles$LexicographicalComparator
com.google.common.primitives.Floats
com.google.common.primitives.Floats$FloatArrayAsList
com.google.common.primitives.Floats$LexicographicalComparator
com.google.common.primitives.Ints
com.google.common.primitives.Ints$IntArrayAsList
com.google.common.primitives.Ints$LexicographicalComparator
com.google.common.primitives.Longs
com.google.common.primitives.Longs$LexicographicalComparator
com.google.common.primitives.Longs$LongArrayAsList
com.google.common.primitives.Primitives
com.google.common.primitives.Shorts
com.google.common.primitives.Shorts$LexicographicalComparator
com.google.common.primitives.Shorts$ShortArrayAsList
com.google.common.primitives.SignedBytes
com.google.common.primitives.SignedBytes$LexicographicalComparator
com.google.common.primitives.UnsignedBytes
com.google.common.primitives.UnsignedBytes$LexicographicalComparatorHolder
com.google.common.primitives.UnsignedBytes$LexicographicalComparatorHolder$PureJavaComparator
com.google.common.primitives.UnsignedBytes$LexicographicalComparatorHolder$UnsafeComparator